<?xml version="1.0" encoding="UTF-8"?>
<testng-results ignored="0" total="9" passed="9" failed="0" skipped="0">
  <reporter-output>
  </reporter-output>
  <suite started-at="2022-09-06T11:52:33 WIB" name="Suite" finished-at="2022-09-06T11:52:34 WIB" duration-ms="125">
    <groups>
    </groups>
    <test started-at="2022-09-06T11:52:33 WIB" name="Test" finished-at="2022-09-06T11:52:34 WIB" duration-ms="125">
      <class name="TestUjianMingguKedua.TestGeometri">
        <test-method is-config="true" signature="befTest()[pri:0, instance:TestUjianMingguKedua.TestGeometri@6cd28fa7]" started-at="2022-09-06T11:52:33 WIB" name="befTest" finished-at="2022-09-06T11:52:33 WIB" duration-ms="1" status="PASS">
          <reporter-output>
          </reporter-output>
        </test-method> <!-- befTest -->
        <test-method is-config="true" signature="befClass()[pri:0, instance:TestUjianMingguKedua.TestGeometri@6cd28fa7]" started-at="2022-09-06T11:52:34 WIB" name="befClass" finished-at="2022-09-06T11:52:34 WIB" duration-ms="1" status="PASS">
          <reporter-output>
          </reporter-output>
        </test-method> <!-- befClass -->
        <test-method signature="testPersegi()[pri:0, instance:TestUjianMingguKedua.TestGeometri@6cd28fa7]" started-at="2022-09-06T11:52:34 WIB" name="testPersegi" finished-at="2022-09-06T11:52:34 WIB" duration-ms="3" status="PASS">
          <reporter-output>
          </reporter-output>
        </test-method> <!-- testPersegi -->
        <test-method is-config="true" signature="befMethod()[pri:0, instance:TestUjianMingguKedua.TestGeometri@6cd28fa7]" started-at="2022-09-06T11:52:34 WIB" name="befMethod" finished-at="2022-09-06T11:52:34 WIB" duration-ms="0" status="PASS">
          <reporter-output>
          </reporter-output>
        </test-method> <!-- befMethod -->
        <test-method is-config="true" signature="aftMethod()[pri:0, instance:TestUjianMingguKedua.TestGeometri@6cd28fa7]" started-at="2022-09-06T11:52:34 WIB" name="aftMethod" finished-at="2022-09-06T11:52:34 WIB" duration-ms="1" status="PASS">
          <reporter-output>
          </reporter-output>
        </test-method> <!-- aftMethod -->
        <test-method is-config="true" signature="befMethod()[pri:0, instance:TestUjianMingguKedua.TestGeometri@6cd28fa7]" started-at="2022-09-06T11:52:34 WIB" name="befMethod" finished-at="2022-09-06T11:52:34 WIB" duration-ms="1" status="PASS">
          <reporter-output>
          </reporter-output>
        </test-method> <!-- befMethod -->
        <test-method signature="testSegitiga()[pri:0, instance:TestUjianMingguKedua.TestGeometri@6cd28fa7]" started-at="2022-09-06T11:52:34 WIB" name="testSegitiga" finished-at="2022-09-06T11:52:34 WIB" duration-ms="1" status="PASS">
          <reporter-output>
          </reporter-output>
        </test-method> <!-- testSegitiga -->
        <test-method is-config="true" signature="aftMethod()[pri:0, instance:TestUjianMingguKedua.TestGeometri@6cd28fa7]" started-at="2022-09-06T11:52:34 WIB" name="aftMethod" finished-at="2022-09-06T11:52:34 WIB" duration-ms="0" status="PASS">
          <reporter-output>
          </reporter-output>
        </test-method> <!-- aftMethod -->
        <test-method is-config="true" signature="befMethod()[pri:0, instance:TestUjianMingguKedua.TestGeometri@6cd28fa7]" started-at="2022-09-06T11:52:34 WIB" name="befMethod" finished-at="2022-09-06T11:52:34 WIB" duration-ms="1" status="PASS">
          <reporter-output>
          </reporter-output>
        </test-method> <!-- befMethod -->
        <test-method signature="testTrapesium()[pri:0, instance:TestUjianMingguKedua.TestGeometri@6cd28fa7]" started-at="2022-09-06T11:52:34 WIB" name="testTrapesium" finished-at="2022-09-06T11:52:34 WIB" duration-ms="1" status="PASS">
          <reporter-output>
          </reporter-output>
        </test-method> <!-- testTrapesium -->
        <test-method is-config="true" signature="aftMethod()[pri:0, instance:TestUjianMingguKedua.TestGeometri@6cd28fa7]" started-at="2022-09-06T11:52:34 WIB" name="aftMethod" finished-at="2022-09-06T11:52:34 WIB" duration-ms="1" status="PASS">
          <reporter-output>
          </reporter-output>
        </test-method> <!-- aftMethod -->
        <test-method is-config="true" signature="aftClass()[pri:0, instance:TestUjianMingguKedua.TestGeometri@6cd28fa7]" started-at="2022-09-06T11:52:34 WIB" name="aftClass" finished-at="2022-09-06T11:52:34 WIB" duration-ms="1" status="PASS">
          <reporter-output>
          </reporter-output>
        </test-method> <!-- aftClass -->
        <test-method is-config="true" signature="aftTest()[pri:0, instance:TestUjianMingguKedua.TestGeometri@6cd28fa7]" started-at="2022-09-06T11:52:34 WIB" name="aftTest" finished-at="2022-09-06T11:52:34 WIB" duration-ms="0" status="PASS">
          <reporter-output>
          </reporter-output>
        </test-method> <!-- aftTest -->
      </class> <!-- TestUjianMingguKedua.TestGeometri -->
      <class name="testng.TestCalculator">
        <test-method is-config="true" signature="befTest()[pri:0, instance:testng.TestCalculator@7e7be63f]" started-at="2022-09-06T11:52:33 WIB" name="befTest" finished-at="2022-09-06T11:52:33 WIB" duration-ms="1" status="PASS">
          <reporter-output>
          </reporter-output>
        </test-method> <!-- befTest -->
        <test-method is-config="true" signature="befMethod()[pri:0, instance:testng.TestCalculator@7e7be63f]" started-at="2022-09-06T11:52:34 WIB" name="befMethod" finished-at="2022-09-06T11:52:34 WIB" duration-ms="1" status="PASS">
          <reporter-output>
          </reporter-output>
        </test-method> <!-- befMethod -->
        <test-method signature="testaddNilai()[pri:1, instance:testng.TestCalculator@7e7be63f]" started-at="2022-09-06T11:52:34 WIB" name="testaddNilai" finished-at="2022-09-06T11:52:34 WIB" duration-ms="1" status="PASS">
          <reporter-output>
          </reporter-output>
        </test-method> <!-- testaddNilai -->
        <test-method is-config="true" signature="aftMethod()[pri:0, instance:testng.TestCalculator@7e7be63f]" started-at="2022-09-06T11:52:34 WIB" name="aftMethod" finished-at="2022-09-06T11:52:34 WIB" duration-ms="1" status="PASS">
          <reporter-output>
          </reporter-output>
        </test-method> <!-- aftMethod -->
        <test-method signature="testDevideNilai()[pri:2, instance:testng.TestCalculator@7e7be63f]" started-at="2022-09-06T11:52:34 WIB" name="testDevideNilai" finished-at="2022-09-06T11:52:34 WIB" duration-ms="2" status="PASS">
          <reporter-output>
          </reporter-output>
        </test-method> <!-- testDevideNilai -->
        <test-method is-config="true" signature="befMethod()[pri:0, instance:testng.TestCalculator@7e7be63f]" started-at="2022-09-06T11:52:34 WIB" name="befMethod" finished-at="2022-09-06T11:52:34 WIB" duration-ms="0" status="PASS">
          <reporter-output>
          </reporter-output>
        </test-method> <!-- befMethod -->
        <test-method is-config="true" signature="aftMethod()[pri:0, instance:testng.TestCalculator@7e7be63f]" started-at="2022-09-06T11:52:34 WIB" name="aftMethod" finished-at="2022-09-06T11:52:34 WIB" duration-ms="1" status="PASS">
          <reporter-output>
          </reporter-output>
        </test-method> <!-- aftMethod -->
      </class> <!-- testng.TestCalculator -->
      <class name="TestUjianMingguKedua.TestAritmatika">
        <test-method is-config="true" signature="befTest()[pri:0, instance:TestUjianMingguKedua.TestAritmatika@22ef9844]" started-at="2022-09-06T11:52:33 WIB" name="befTest" finished-at="2022-09-06T11:52:33 WIB" duration-ms="14" status="PASS">
          <reporter-output>
          </reporter-output>
        </test-method> <!-- befTest -->
        <test-method is-config="true" signature="befClass()[pri:0, instance:TestUjianMingguKedua.TestAritmatika@22ef9844]" started-at="2022-09-06T11:52:33 WIB" name="befClass" finished-at="2022-09-06T11:52:33 WIB" duration-ms="1" status="PASS">
          <reporter-output>
          </reporter-output>
        </test-method> <!-- befClass -->
        <test-method is-config="true" signature="befMethod()[pri:0, instance:TestUjianMingguKedua.TestAritmatika@22ef9844]" started-at="2022-09-06T11:52:33 WIB" name="befMethod" finished-at="2022-09-06T11:52:33 WIB" duration-ms="1" status="PASS">
          <reporter-output>
          </reporter-output>
        </test-method> <!-- befMethod -->
        <test-method signature="testModulusAritmatika()[pri:0, instance:TestUjianMingguKedua.TestAritmatika@22ef9844]" started-at="2022-09-06T11:52:33 WIB" name="testModulusAritmatika" finished-at="2022-09-06T11:52:33 WIB" duration-ms="10" status="PASS">
          <reporter-output>
          </reporter-output>
        </test-method> <!-- testModulusAritmatika -->
        <test-method is-config="true" signature="aftMethod()[pri:0, instance:TestUjianMingguKedua.TestAritmatika@22ef9844]" started-at="2022-09-06T11:52:33 WIB" name="aftMethod" finished-at="2022-09-06T11:52:33 WIB" duration-ms="0" status="PASS">
          <reporter-output>
          </reporter-output>
        </test-method> <!-- aftMethod -->
        <test-method is-config="true" signature="befMethod()[pri:0, instance:TestUjianMingguKedua.TestAritmatika@22ef9844]" started-at="2022-09-06T11:52:33 WIB" name="befMethod" finished-at="2022-09-06T11:52:33 WIB" duration-ms="0" status="PASS">
          <reporter-output>
          </reporter-output>
        </test-method> <!-- befMethod -->
        <test-method signature="testPembagianAritmatika()[pri:0, instance:TestUjianMingguKedua.TestAritmatika@22ef9844]" started-at="2022-09-06T11:52:33 WIB" name="testPembagianAritmatika" finished-at="2022-09-06T11:52:33 WIB" duration-ms="2" status="PASS">
          <reporter-output>
          </reporter-output>
        </test-method> <!-- testPembagianAritmatika -->
        <test-method is-config="true" signature="aftMethod()[pri:0, instance:TestUjianMingguKedua.TestAritmatika@22ef9844]" started-at="2022-09-06T11:52:34 WIB" name="aftMethod" finished-at="2022-09-06T11:52:34 WIB" duration-ms="1" status="PASS">
          <reporter-output>
          </reporter-output>
        </test-method> <!-- aftMethod -->
        <test-method is-config="true" signature="befMethod()[pri:0, instance:TestUjianMingguKedua.TestAritmatika@22ef9844]" started-at="2022-09-06T11:52:34 WIB" name="befMethod" finished-at="2022-09-06T11:52:34 WIB" duration-ms="1" status="PASS">
          <reporter-output>
          </reporter-output>
        </test-method> <!-- befMethod -->
        <test-method signature="testPenguranganAritmatika()[pri:0, instance:TestUjianMingguKedua.TestAritmatika@22ef9844]" started-at="2022-09-06T11:52:34 WIB" name="testPenguranganAritmatika" finished-at="2022-09-06T11:52:34 WIB" duration-ms="2" status="PASS">
          <reporter-output>
          </reporter-output>
        </test-method> <!-- testPenguranganAritmatika -->
        <test-method is-config="true" signature="aftMethod()[pri:0, instance:TestUjianMingguKedua.TestAritmatika@22ef9844]" started-at="2022-09-06T11:52:34 WIB" name="aftMethod" finished-at="2022-09-06T11:52:34 WIB" duration-ms="1" status="PASS">
          <reporter-output>
          </reporter-output>
        </test-method> <!-- aftMethod -->
        <test-method is-config="true" signature="befMethod()[pri:0, instance:TestUjianMingguKedua.TestAritmatika@22ef9844]" started-at="2022-09-06T11:52:34 WIB" name="befMethod" finished-at="2022-09-06T11:52:34 WIB" duration-ms="1" status="PASS">
          <reporter-output>
          </reporter-output>
        </test-method> <!-- befMethod -->
        <test-method signature="testPenjumlahanAritmatika()[pri:0, instance:TestUjianMingguKedua.TestAritmatika@22ef9844]" started-at="2022-09-06T11:52:34 WIB" name="testPenjumlahanAritmatika" finished-at="2022-09-06T11:52:34 WIB" duration-ms="3" status="PASS">
          <reporter-output>
          </reporter-output>
        </test-method> <!-- testPenjumlahanAritmatika -->
        <test-method is-config="true" signature="aftMethod()[pri:0, instance:TestUjianMingguKedua.TestAritmatika@22ef9844]" started-at="2022-09-06T11:52:34 WIB" name="aftMethod" finished-at="2022-09-06T11:52:34 WIB" duration-ms="0" status="PASS">
          <reporter-output>
          </reporter-output>
        </test-method> <!-- aftMethod -->
        <test-method is-config="true" signature="aftClass()[pri:0, instance:TestUjianMingguKedua.TestAritmatika@22ef9844]" started-at="2022-09-06T11:52:34 WIB" name="aftClass" finished-at="2022-09-06T11:52:34 WIB" duration-ms="1" status="PASS">
          <reporter-output>
          </reporter-output>
        </test-method> <!-- aftClass -->
        <test-method is-config="true" signature="aftTest()[pri:0, instance:TestUjianMingguKedua.TestAritmatika@22ef9844]" started-at="2022-09-06T11:52:34 WIB" name="aftTest" finished-at="2022-09-06T11:52:34 WIB" duration-ms="1" status="PASS">
          <reporter-output>
          </reporter-output>
        </test-method> <!-- aftTest -->
      </class> <!-- TestUjianMingguKedua.TestAritmatika -->
    </test> <!-- Test -->
  </suite> <!-- Suite -->
</testng-results>
