<?xml version="1.0" encoding="UTF-8"?>
<!-- Generated by org.testng.reporters.JUnitXMLReporter -->
<testsuite ignored="0" hostname="DESKTOP-7EJ77M7" failures="0" tests="9" name="Test" time="0.125" errors="0" timestamp="2022-09-06T11:52:34 WIB">
  <testcase classname="TestUjianMingguKedua.TestAritmatika" name="testModulusAritmatika" time="0.01"/>
  <testcase classname="TestUjianMingguKedua.TestAritmatika" name="testPembagianAritmatika" time="0.002"/>
  <testcase classname="TestUjianMingguKedua.TestAritmatika" name="testPenguranganAritmatika" time="0.002"/>
  <testcase classname="TestUjianMingguKedua.TestAritmatika" name="testPenjumlahanAritmatika" time="0.003"/>
  <testcase classname="testng.TestCalculator" name="testaddNilai" time="0.001"/>
  <testcase classname="testng.TestCalculator" name="testDevideNilai" time="0.002"/>
  <testcase classname="TestUjianMingguKedua.TestGeometri" name="testPersegi" time="0.003"/>
  <testcase classname="TestUjianMingguKedua.TestGeometri" name="testSegitiga" time="0.001"/>
  <testcase classname="TestUjianMingguKedua.TestGeometri" name="testTrapesium" time="0.001"/>
</testsuite> <!-- Test -->
